<?xml version="1.0" encoding="UTF-8"?>
<testsuite xmlns:xsi="http://www.w3.org/2001/XMLSchema-instance" xsi:noNamespaceSchemaLocation="https://maven.apache.org/surefire/maven-surefire-plugin/xsd/surefire-test-report-3.0.xsd" version="3.0" name="EncoderSoftware.RoomRental.RoomRentalApplicationTests" time="17.482" tests="1" errors="0" skipped="0" failures="0">
  <properties>
[...]
</properties>
  <testcase name="contextLoads" classname="EncoderSoftware.RoomRental.RoomRentalApplicationTests" time="1.627">
    <system-out><![CDATA[13:18:51.011 [main] INFO org.springframework.test.context.support.AnnotationConfigContextLoaderUtils -- Could not detect default configuration classes for test class [EncoderSoftware.RoomRental.RoomRentalApplicationTests]: RoomRentalApplicationTests does not declare any static, non-private, non-final, nested classes annotated with @Configuration.
13:18:51.261 [main] INFO org.springframework.boot.test.context.SpringBootTestContextBootstrapper -- Found @SpringBootConfiguration EncoderSoftware.RoomRental.RoomRentalApplication for test class EncoderSoftware.RoomRental.RoomRentalApplicationTests

  .   ____          _            __ _ _
 /\\ / ___'_ __ _ _(_)_ __  __ _ \ \ \ \
( ( )\___ | '_ | '_| | '_ \/ _` | \ \ \ \
 \\/  ___)| |_)| | | | | || (_| |  ) ) ) )
  '  |____| .__|_| |_|_| |_\__, | / / / /
 =========|_|==============|___/=/_/_/_/
 :: Spring Boot ::                (v3.1.4)

2024-12-28T13:18:52.432+05:30  INFO 16596 --- [           main] E.RoomRental.RoomRentalApplicationTests  : Starting RoomRentalApplicationTests using Java 17.0.2 with PID 16596 (started by Adarsh in G:\RoomRental)
2024-12-28T13:18:52.439+05:30  INFO 16596 --- [           main] E.RoomRental.RoomRentalApplicationTests  : No active profile set, falling back to 1 default profile: "default"
2024-12-28T13:18:54.263+05:30  INFO 16596 --- [           main] .s.d.r.c.RepositoryConfigurationDelegate : Bootstrapping Spring Data JPA repositories in DEFAULT mode.
2024-12-28T13:18:54.425+05:30  INFO 16596 --- [           main] .s.d.r.c.RepositoryConfigurationDelegate : Finished Spring Data repository scanning in 140 ms. Found 2 JPA repository interfaces.
2024-12-28T13:18:55.740+05:30  INFO 16596 --- [           main] o.hibernate.jpa.internal.util.LogHelper  : HHH000204: Processing PersistenceUnitInfo [name: default]
2024-12-28T13:18:55.910+05:30  INFO 16596 --- [           main] org.hibernate.Version                    : HHH000412: Hibernate ORM core version 6.2.9.Final
2024-12-28T13:18:55.916+05:30  INFO 16596 --- [           main] org.hibernate.cfg.Environment            : HHH000406: Using bytecode reflection optimizer
2024-12-28T13:18:56.384+05:30  INFO 16596 --- [           main] o.h.b.i.BytecodeProviderInitiator        : HHH000021: Bytecode provider name : bytebuddy
2024-12-28T13:18:56.741+05:30  INFO 16596 --- [           main] o.s.o.j.p.SpringPersistenceUnitInfo      : No LoadTimeWeaver setup: ignoring JPA class transformer
2024-12-28T13:18:56.786+05:30  INFO 16596 --- [           main] com.zaxxer.hikari.HikariDataSource       : HikariPool-1 - Starting...
2024-12-28T13:19:00.949+05:30  INFO 16596 --- [           main] com.zaxxer.hikari.pool.HikariPool        : HikariPool-1 - Added connection org.postgresql.jdbc.PgConnection@121ddca4
2024-12-28T13:19:00.952+05:30  INFO 16596 --- [           main] com.zaxxer.hikari.HikariDataSource       : HikariPool-1 - Start completed.
2024-12-28T13:19:01.860+05:30  INFO 16596 --- [           main] o.h.b.i.BytecodeProviderInitiator        : HHH000021: Bytecode provider name : bytebuddy
2024-12-28T13:19:03.509+05:30  INFO 16596 --- [           main] o.h.e.t.j.p.i.JtaPlatformInitiator       : HHH000490: Using JtaPlatform implementation: [org.hibernate.engine.transaction.jta.platform.internal.NoJtaPlatform]
2024-12-28T13:19:04.076+05:30  INFO 16596 --- [           main] j.LocalContainerEntityManagerFactoryBean : Initialized JPA EntityManagerFactory for persistence unit 'default'
2024-12-28T13:19:04.871+05:30  WARN 16596 --- [           main] JpaBaseConfiguration$JpaWebConfiguration : spring.jpa.open-in-view is enabled by default. Therefore, database queries may be performed during view rendering. Explicitly configure spring.jpa.open-in-view to disable this warning
2024-12-28T13:19:05.204+05:30  INFO 16596 --- [           main] o.s.s.web.DefaultSecurityFilterChain     : Will secure any request with [org.springframework.security.web.session.DisableEncodeUrlFilter@4b808427, org.springframework.security.web.context.request.async.WebAsyncManagerIntegrationFilter@167f9043, org.springframework.security.web.context.SecurityContextHolderFilter@6dbdbb69, org.springframework.security.web.header.HeaderWriterFilter@7369208e, org.springframework.web.filter.CorsFilter@6771fc29, org.springframework.security.web.authentication.logout.LogoutFilter@10f60e36, org.springframework.security.web.authentication.www.BasicAuthenticationFilter@229fe7ab, org.springframework.security.web.savedrequest.RequestCacheAwareFilter@1d988297, org.springframework.security.web.servletapi.SecurityContextHolderAwareRequestFilter@4bec6682, org.springframework.security.web.authentication.AnonymousAuthenticationFilter@1f370472, org.springframework.security.web.access.ExceptionTranslationFilter@24e79a4d, org.springframework.security.web.access.intercept.AuthorizationFilter@75559cd9]
2024-12-28T13:19:06.353+05:30  INFO 16596 --- [           main] E.RoomRental.RoomRentalApplicationTests  : Started RoomRentalApplicationTests in 14.649 seconds (process running for 17.836)
]]></system-out>
  </testcase>
</testsuite>